<?xml version="1.0" encoding="UTF-8" ?>
<testsuite errors="0" failures="0" hostname="local" name="com.test.SFReleaseActive" skipped="0" tests="1" time="29.341" timestamp="2015-11-24T06:44:09">
  <properties>
    <property name="java.vendor" value="Oracle Corporation" />
    <property name="sun.java.launcher" value="SUN_STANDARD" />
    <property name="eclipse.pdebuild.templates" value="/home/infra3/installations/IDE/jbpm/eclipse-j3/plugins/org.eclipse.pde.build_3.9.100.v20150521-1524/templates//" />
    <property name="sun.management.compiler" value="HotSpot 64-Bit Tiered Compilers" />
    <property name="os.name" value="Linux" />
    <property name="sun.boot.class.path" value="/usr/lib/jvm/java-8-oracle/jre/lib/resources.jar:/usr/lib/jvm/java-8-oracle/jre/lib/rt.jar:/usr/lib/jvm/java-8-oracle/jre/lib/sunrsasign.jar:/usr/lib/jvm/java-8-oracle/jre/lib/jsse.jar:/usr/lib/jvm/java-8-oracle/jre/lib/jce.jar:/usr/lib/jvm/java-8-oracle/jre/lib/charsets.jar:/usr/lib/jvm/java-8-oracle/jre/lib/jfr.jar:/usr/lib/jvm/java-8-oracle/jre/classes" />
    <property name="sun.desktop" value="gnome" />
    <property name="junitlib.dir" value="/home/infra3/eclipse_workspace/jbpm/j3/Test/junitlib" />
    <property name="java.vm.specification.vendor" value="Oracle Corporation" />
    <property name="ant.home" value="/home/infra3/installations/IDE/jbpm/eclipse-j3/plugins/org.apache.ant_1.9.4.v201504302020" />
    <property name="java.runtime.version" value="1.8.0_65-b17" />
    <property name="reports.tests" value="/home/infra3/eclipse_workspace/jbpm/j3/Test/rep" />
    <property name="user.name" value="infra3" />
    <property name="build.dir" value="/home/infra3/eclipse_workspace/jbpm/j3/Test/build" />
    <property name="user.language" value="en" />
    <property name="sun.boot.library.path" value="/usr/lib/jvm/java-8-oracle/jre/lib/amd64" />
    <property name="ant.project.default-target" value="all" />
    <property name="java.version" value="1.8.0_65" />
    <property name="user.timezone" value="" />
    <property name="sun.arch.data.model" value="64" />
    <property name="java.endorsed.dirs" value="/usr/lib/jvm/java-8-oracle/jre/lib/endorsed" />
    <property name="sun.cpu.isalist" value="" />
    <property name="sun.jnu.encoding" value="UTF-8" />
    <property name="file.encoding.pkg" value="sun.io" />
    <property name="file.separator" value="/" />
    <property name="java.specification.name" value="Java Platform API Specification" />
    <property name="java.class.version" value="52.0" />
    <property name="user.country" value="IN" />
    <property name="java.home" value="/usr/lib/jvm/java-8-oracle/jre" />
    <property name="java.vm.info" value="mixed mode" />
    <property name="ant.file" value="/home/infra3/eclipse_workspace/jbpm/j3/Test/build.xml" />
    <property name="os.version" value="3.19.0-32-generic" />
    <property name="TALK" value="true" />
    <property name="path.separator" value=":" />
    <property name="java.vm.version" value="25.65-b01" />
    <property name="ant.library.dir" value="/home/infra3/installations/IDE/jbpm/eclipse-j3/plugins/org.apache.ant_1.9.4.v201504302020/lib" />
    <property name="java.awt.printerjob" value="sun.print.PSPrinterJob" />
    <property name="sun.io.unicode.encoding" value="UnicodeLittle" />
    <property name="awt.toolkit" value="sun.awt.X11.XToolkit" />
    <property name="eclipse.pdebuild.scripts" value="/home/infra3/installations/IDE/jbpm/eclipse-j3/plugins/org.eclipse.pde.build_3.9.100.v20150521-1524/scripts//" />
    <property name="user.home" value="/home/infra3" />
    <property name="java.specification.vendor" value="Oracle Corporation" />
    <property name="test.dir" value="/home/infra3/eclipse_workspace/jbpm/j3/Test/test" />
    <property name="java.library.path" value="/usr/java/packages/lib/amd64:/usr/lib64:/lib64:/lib:/usr/lib" />
    <property name="java.vendor.url" value="http://java.oracle.com/" />
    <property name="java.vm.vendor" value="Oracle Corporation" />
    <property name="java.runtime.name" value="Java(TM) SE Runtime Environment" />
    <property name="sun.java.command" value="org.apache.tools.ant.taskdefs.optional.junit.JUnitTestRunner com.test.SFReleaseActive skipNonTests=false filtertrace=true haltOnError=false haltOnFailure=false formatter=org.apache.tools.ant.taskdefs.optional.junit.SummaryJUnitResultFormatter showoutput=false outputtoformatters=true logfailedtests=true threadid=0 logtestlistenerevents=false formatter=org.apache.tools.ant.taskdefs.optional.junit.PlainJUnitResultFormatter,/home/infra3/eclipse_workspace/jbpm/j3/Test/rep/TEST-com.test.SFReleaseActive.txt formatter=org.apache.tools.ant.taskdefs.optional.junit.XMLJUnitResultFormatter,/home/infra3/eclipse_workspace/jbpm/j3/Test/rep/TEST-com.test.SFReleaseActive.xml crashfile=/home/infra3/eclipse_workspace/jbpm/j3/Test/junitvmwatcher5475763427357690977.properties propsfile=/home/infra3/eclipse_workspace/jbpm/j3/Test/junit929037997632096569.properties" />
    <property name="java.class.path" value="/home/infra3/eclipse_workspace/jbpm/j3/Test/junitlib/hamcrest-core-1.3.jar:/home/infra3/eclipse_workspace/jbpm/j3/Test/junitlib/junit-4.12.jar:/home/infra3/eclipse_workspace/jbpm/j3/Test/libs/apache-mime4j-0.6.jar:/home/infra3/eclipse_workspace/jbpm/j3/Test/libs/bsh-2.0b4.jar:/home/infra3/eclipse_workspace/jbpm/j3/Test/libs/cglib-nodep-2.1_3.jar:/home/infra3/eclipse_workspace/jbpm/j3/Test/libs/commons-codec-1.10.jar:/home/infra3/eclipse_workspace/jbpm/j3/Test/libs/commons-collections-3.2.1.jar:/home/infra3/eclipse_workspace/jbpm/j3/Test/libs/commons-el-1.0.jar:/home/infra3/eclipse_workspace/jbpm/j3/Test/libs/commons-exec-1.3.jar:/home/infra3/eclipse_workspace/jbpm/j3/Test/libs/commons-io-2.4.jar:/home/infra3/eclipse_workspace/jbpm/j3/Test/libs/commons-lang3-3.4.jar:/home/infra3/eclipse_workspace/jbpm/j3/Test/libs/commons-logging-1.2.jar:/home/infra3/eclipse_workspace/jbpm/j3/Test/libs/cssparser-0.9.16.jar:/home/infra3/eclipse_workspace/jbpm/j3/Test/libs/gson-2.3.1.jar:/home/infra3/eclipse_workspace/jbpm/j3/Test/libs/guava-18.0.jar:/home/infra3/eclipse_workspace/jbpm/j3/Test/libs/hamcrest-core-1.3.jar:/home/infra3/eclipse_workspace/jbpm/j3/Test/libs/hamcrest-library-1.3.jar:/home/infra3/eclipse_workspace/jbpm/j3/Test/libs/htmlunit-2.18.jar:/home/infra3/eclipse_workspace/jbpm/j3/Test/libs/htmlunit-core-js-2.17.jar:/home/infra3/eclipse_workspace/jbpm/j3/Test/libs/httpclient-4.5.1.jar:/home/infra3/eclipse_workspace/jbpm/j3/Test/libs/httpcore-4.4.3.jar:/home/infra3/eclipse_workspace/jbpm/j3/Test/libs/httpmime-4.5.jar:/home/infra3/eclipse_workspace/jbpm/j3/Test/libs/jasper-compiler-5.5.15.jar:/home/infra3/eclipse_workspace/jbpm/j3/Test/libs/jasper-compiler-jdt-5.5.15.jar:/home/infra3/eclipse_workspace/jbpm/j3/Test/libs/jasper-runtime-5.5.15.jar:/home/infra3/eclipse_workspace/jbpm/j3/Test/libs/javax.servlet-api-3.1.0.jar:/home/infra3/eclipse_workspace/jbpm/j3/Test/libs/jcommander-1.48.jar:/home/infra3/eclipse_workspace/jbpm/j3/Test/libs/jetty-continuation-9.2.13.v20150730.jar:/home/infra3/eclipse_workspace/jbpm/j3/Test/libs/jetty-http-9.2.13.v20150730.jar:/home/infra3/eclipse_workspace/jbpm/j3/Test/libs/jetty-io-9.2.13.v20150730.jar:/home/infra3/eclipse_workspace/jbpm/j3/Test/libs/jetty-jmx-9.2.13.v20150730.jar:/home/infra3/eclipse_workspace/jbpm/j3/Test/libs/jetty-security-9.2.13.v20150730.jar:/home/infra3/eclipse_workspace/jbpm/j3/Test/libs/jetty-server-9.2.13.v20150730.jar:/home/infra3/eclipse_workspace/jbpm/j3/Test/libs/jetty-servlet-9.2.13.v20150730.jar:/home/infra3/eclipse_workspace/jbpm/j3/Test/libs/jetty-servlets-9.2.13.v20150730.jar:/home/infra3/eclipse_workspace/jbpm/j3/Test/libs/jetty-util-9.2.13.v20150730.jar:/home/infra3/eclipse_workspace/jbpm/j3/Test/libs/jna-4.1.0.jar:/home/infra3/eclipse_workspace/jbpm/j3/Test/libs/jna-platform-4.1.0.jar:/home/infra3/eclipse_workspace/jbpm/j3/Test/libs/jsp-api-2.0.jar:/home/infra3/eclipse_workspace/jbpm/j3/Test/libs/junit-4.12.jar:/home/infra3/eclipse_workspace/jbpm/j3/Test/libs/nekohtml-1.9.22.jar:/home/infra3/eclipse_workspace/jbpm/j3/Test/libs/netty-3.5.7.Final.jar:/home/infra3/eclipse_workspace/jbpm/j3/Test/libs/phantomjsdriver-1.2.1.jar:/home/infra3/eclipse_workspace/jbpm/j3/Test/libs/sac-1.3.jar:/home/infra3/eclipse_workspace/jbpm/j3/Test/libs/selenium-java-2.48.2.jar:/home/infra3/eclipse_workspace/jbpm/j3/Test/libs/serializer-2.7.2.jar:/home/infra3/eclipse_workspace/jbpm/j3/Test/libs/testng-6.9.6.jar:/home/infra3/eclipse_workspace/jbpm/j3/Test/libs/websocket-api-9.2.13.v20150730.jar:/home/infra3/eclipse_workspace/jbpm/j3/Test/libs/websocket-client-9.2.13.v20150730.jar:/home/infra3/eclipse_workspace/jbpm/j3/Test/libs/websocket-common-9.2.13.v20150730.jar:/home/infra3/eclipse_workspace/jbpm/j3/Test/libs/xalan-2.7.2.jar:/home/infra3/eclipse_workspace/jbpm/j3/Test/libs/xercesImpl-2.11.0.jar:/home/infra3/eclipse_workspace/jbpm/j3/Test/libs/xml-apis-1.4.01.jar:/home/infra3/eclipse_workspace/jbpm/j3/Test/build:/home/infra3/installations/IDE/jbpm/eclipse-j3/plugins/org.apache.ant_1.9.4.v201504302020/lib/ant-launcher.jar:/home/infra3/installations/IDE/jbpm/eclipse-j3/plugins/org.apache.ant_1.9.4.v201504302020/lib/ant.jar:/home/infra3/installations/IDE/jbpm/eclipse-j3/plugins/org.apache.ant_1.9.4.v201504302020/lib/ant-junit.jar:/home/infra3/installations/IDE/jbpm/eclipse-j3/plugins/org.apache.ant_1.9.4.v201504302020/lib/ant-junit4.jar" />
    <property name="ant.version" value="Apache Ant(TM) version 1.9.4 compiled on April 29 2014" />
    <property name="libs.dir" value="/home/infra3/eclipse_workspace/jbpm/j3/Test/libs" />
    <property name="java.vm.specification.name" value="Java Virtual Machine Specification" />
    <property name="java.vm.specification.version" value="1.8" />
    <property name="sun.cpu.endian" value="little" />
    <property name="sun.os.patch.level" value="unknown" />
    <property name="eclipse.pdebuild.home" value="/home/infra3/installations/IDE/jbpm/eclipse-j3/plugins/org.eclipse.pde.build_3.9.100.v20150521-1524/.//" />
    <property name="java.io.tmpdir" value="/tmp" />
    <property name="java.vendor.url.bug" value="http://bugreport.sun.com/bugreport/" />
    <property name="tst-dir" value="/home/infra3/eclipse_workspace/jbpm/j3/Test/src" />
    <property name="os.arch" value="amd64" />
    <property name="java.awt.graphicsenv" value="sun.awt.X11GraphicsEnvironment" />
    <property name="java.ext.dirs" value="/usr/lib/jvm/java-8-oracle/jre/lib/ext:/usr/java/packages/lib/ext" />
    <property name="user.dir" value="/home/infra3/eclipse_workspace/jbpm/j3/Test" />
    <property name="line.separator" value="&#xa;" />
    <property name="java.vm.name" value="Java HotSpot(TM) 64-Bit Server VM" />
    <property name="basedir" value="/home/infra3/eclipse_workspace/jbpm/j3/Test" />
    <property name="ant.java.version" value="1.8" />
    <property name="ant.core.lib" value="/home/infra3/installations/IDE/jbpm/eclipse-j3/plugins/org.apache.ant_1.9.4.v201504302020/lib/ant.jar" />
    <property name="file.encoding" value="UTF-8" />
    <property name="java.specification.version" value="1.8" />
    <property name="src.dir" value="/home/infra3/eclipse_workspace/jbpm/j3/Test/src" />
    <property name="ant.project.invoked-targets" value="all" />
  </properties>
  <testcase classname="com.test.SFReleaseActive" name="testEee" time="29.253" />
  <system-out><![CDATA[]]></system-out>
  <system-err><![CDATA[]]></system-err>
</testsuite>
